<?xml version="1.0" encoding="UTF-8"?>
<!-- Generated by org.testng.reporters.JUnitXMLReporter -->
<testsuite ignored="1" hostname="Sonalis-MBP.fritz.box" failures="1" tests="4" name="HubSpot Automation Test" time="38.677" errors="0" timestamp="2020-05-03T23:40:42 CEST">
  <testcase classname="com.qa.hubspot.test.LoginPageTest" name="getPageTitleTest" time="4.932"/>
  <testcase classname="com.qa.hubspot.test.LoginPageTest" name="doLoginTest" time="0.863"/>
  <testcase classname="com.qa.hubspot.test.HomePageTest" name="verifyHomePageTitleTest" time="20.354">
    <failure type="org.openqa.selenium.TimeoutException" message="Expected condition failed: waiting for title to be &amp;quot;Account Setup | HubSpot1&amp;quot;. Current title: &amp;quot;Account Setup | HubSpot&amp;quot; (tried for 20 second(s) with 500 milliseconds interval)
Build info: version: &amp;apos;3.141.59&amp;apos;, revision: &amp;apos;e82be7d358&amp;apos;, time: &amp;apos;2018-11-14T08:17:03&amp;apos;
System info: host: &amp;apos;Sonalis-MBP.fritz.box&amp;apos;, ip: &amp;apos;2001:16b8:2e90:b400:49a2:8407:48ee:b25a%en0&amp;apos;, os.name: &amp;apos;Mac OS X&amp;apos;, os.arch: &amp;apos;x86_64&amp;apos;, os.version: &amp;apos;10.12.3&amp;apos;, java.version: &amp;apos;11.0.6&amp;apos;
Driver info: org.openqa.selenium.chrome.ChromeDriver
Capabilities {acceptInsecureCerts: false, browserName: chrome, browserVersion: 81.0.4044.129, chrome: {chromedriverVersion: 81.0.4044.69 (6813546031a4b..., userDataDir: /var/folders/28/knfwycyj7hg...}, goog:chromeOptions: {debuggerAddress: localhost:51804}, javascriptEnabled: true, networkConnectionEnabled: false, pageLoadStrategy: normal, platform: MAC, platformName: MAC, proxy: Proxy(), setWindowRect: true, strictFileInteractability: false, timeouts: {implicit: 0, pageLoad: 300000, script: 30000}, unhandledPromptBehavior: dismiss and notify, webauthn:virtualAuthenticators: true}
Session ID: e29fdf414f8c4248daa0c8c8f333c0bf">
      <![CDATA[org.openqa.selenium.TimeoutException: Expected condition failed: waiting for title to be "Account Setup | HubSpot1". Current title: "Account Setup | HubSpot" (tried for 20 second(s) with 500 milliseconds interval)
Build info: version: '3.141.59', revision: 'e82be7d358', time: '2018-11-14T08:17:03'
System info: host: 'Sonalis-MBP.fritz.box', ip: '2001:16b8:2e90:b400:49a2:8407:48ee:b25a%en0', os.name: 'Mac OS X', os.arch: 'x86_64', os.version: '10.12.3', java.version: '11.0.6'
Driver info: org.openqa.selenium.chrome.ChromeDriver
Capabilities {acceptInsecureCerts: false, browserName: chrome, browserVersion: 81.0.4044.129, chrome: {chromedriverVersion: 81.0.4044.69 (6813546031a4b..., userDataDir: /var/folders/28/knfwycyj7hg...}, goog:chromeOptions: {debuggerAddress: localhost:51804}, javascriptEnabled: true, networkConnectionEnabled: false, pageLoadStrategy: normal, platform: MAC, platformName: MAC, proxy: Proxy(), setWindowRect: true, strictFileInteractability: false, timeouts: {implicit: 0, pageLoad: 300000, script: 30000}, unhandledPromptBehavior: dismiss and notify, webauthn:virtualAuthenticators: true}
Session ID: e29fdf414f8c4248daa0c8c8f333c0bf
at org.openqa.selenium.support.ui.WebDriverWait.timeoutException(WebDriverWait.java:95)
at org.openqa.selenium.support.ui.FluentWait.until(FluentWait.java:272)
at com.qa.hubspor.util.ElementUtil.waitForPageTitleToBePresent(ElementUtil.java:82)
at com.qa.hubspot.pages.HomePage.verifyHomePageTitle(HomePage.java:35)
at com.qa.hubspot.test.HomePageTest.verifyHomePageTitleTest(HomePageTest.java:52)
at java.base/java.util.ArrayList.forEach(ArrayList.java:1540)
... Removed 27 stack frames]]>
    </failure>
  </testcase> <!-- verifyHomePageTitleTest -->
  <testcase classname="com.qa.hubspot.test.HomePageTest" name="clickOnMyProfileTest" time="0.195"/>
  <testcase classname="com.qa.hubspot.test.LoginPageTest" name="doLoginTest_InvalidData" time="0.0">
    <ignored/>
  </testcase> <!-- doLoginTest_InvalidData -->
</testsuite> <!-- HubSpot Automation Test -->
